<?xml version="1.0" encoding="UTF-8"?>
<testsuite name="StatementPrinterTests" tests="4" skipped="0" failures="0" errors="0" timestamp="2022-11-05T18:22:12" hostname="HP-PC" time="0.898">
  <properties/>
  <testcase name="exampleStatementHTML()" classname="StatementPrinterTests" time="0.572"/>
  <testcase name="exampleStatementHTMLCustomer()" classname="StatementPrinterTests" time="0.104"/>
  <testcase name="exampleStatement()" classname="StatementPrinterTests" time="0.124"/>
  <testcase name="exampleStatementCustomer()" classname="StatementPrinterTests" time="0.095"/>
  <system-out><![CDATA[]]></system-out>
  <system-err><![CDATA[]]></system-err>
</testsuite>
