<?xml version="1.0" encoding="UTF-8"?>
<testsuite name="StatementPrinterTests" tests="2" skipped="0" failures="0" errors="0" timestamp="2022-11-04T09:24:42" hostname="HP-PC" time="0.533">
  <properties/>
  <testcase name="exampleStatement()" classname="StatementPrinterTests" time="0.518"/>
  <testcase name="statementWithNewPlayTypes()" classname="StatementPrinterTests" time="0.013"/>
  <system-out><![CDATA[]]></system-out>
  <system-err><![CDATA[]]></system-err>
</testsuite>
