<?xml version="1.0" encoding="UTF-8"?>
<testsuite name="StatementPrinterTests" tests="4" skipped="0" failures="0" errors="0" timestamp="2022-11-05T14:52:49" hostname="HP-PC" time="0.752">
  <properties/>
  <testcase name="exampleStatementHTML()" classname="StatementPrinterTests" time="0.445"/>
  <testcase name="exampleStatementHTMLCustomer()" classname="StatementPrinterTests" time="0.115"/>
  <testcase name="exampleStatement()" classname="StatementPrinterTests" time="0.103"/>
  <testcase name="exampleStatementCustomer()" classname="StatementPrinterTests" time="0.084"/>
  <system-out><![CDATA[]]></system-out>
  <system-err><![CDATA[]]></system-err>
</testsuite>
