<?xml version="1.0" encoding="UTF-8"?>
<testsuite name="StatementPrinterTests" tests="2" skipped="0" failures="0" errors="0" timestamp="2022-11-03T16:19:37" hostname="HP-PC" time="0.425">
  <properties/>
  <testcase name="exampleStatement()" classname="StatementPrinterTests" time="0.408"/>
  <testcase name="statementWithNewPlayTypes()" classname="StatementPrinterTests" time="0.016"/>
  <system-out><![CDATA[]]></system-out>
  <system-err><![CDATA[]]></system-err>
</testsuite>
