<?xml version="1.0" encoding="UTF-8"?>
<testsuite name="StatementPrinterTests" tests="2" skipped="0" failures="0" errors="0" timestamp="2022-11-04T18:04:17" hostname="HP-PC" time="0.476">
  <properties/>
  <testcase name="exampleStatement()" classname="StatementPrinterTests" time="0.379"/>
  <testcase name="exampleStatementCustomer()" classname="StatementPrinterTests" time="0.096"/>
  <system-out><![CDATA[]]></system-out>
  <system-err><![CDATA[]]></system-err>
</testsuite>
