<?xml version="1.0" encoding="UTF-8"?>
<testsuite name="StatementPrinterTests" tests="2" skipped="0" failures="0" errors="0" timestamp="2022-11-04T08:49:12" hostname="HP-PC" time="0.423">
  <properties/>
  <testcase name="exampleStatement()" classname="StatementPrinterTests" time="0.407"/>
  <testcase name="statementWithNewPlayTypes()" classname="StatementPrinterTests" time="0.014"/>
  <system-out><![CDATA[]]></system-out>
  <system-err><![CDATA[]]></system-err>
</testsuite>
