<?xml version="1.0" encoding="UTF-8"?>
<testsuite name="StatementPrinterTests" tests="1" skipped="0" failures="0" errors="0" timestamp="2022-11-04T17:42:42" hostname="HP-PC" time="0.379">
  <properties/>
  <testcase name="exampleStatementCustomer()" classname="StatementPrinterTests" time="0.379"/>
  <system-out><![CDATA[]]></system-out>
  <system-err><![CDATA[]]></system-err>
</testsuite>
