<?xml version="1.0" encoding="UTF-8"?>
<testsuite name="StatementPrinterTests" tests="3" skipped="0" failures="0" errors="0" timestamp="2022-11-05T14:01:22" hostname="HP-PC" time="0.974">
  <properties/>
  <testcase name="exampleStatementHTML()" classname="StatementPrinterTests" time="0.664"/>
  <testcase name="exampleStatement()" classname="StatementPrinterTests" time="0.136"/>
  <testcase name="exampleStatementCustomer()" classname="StatementPrinterTests" time="0.171"/>
  <system-out><![CDATA[]]></system-out>
  <system-err><![CDATA[]]></system-err>
</testsuite>
