<?xml version="1.0" encoding="UTF-8"?>
<testsuite name="StatementPrinterTests" tests="2" skipped="0" failures="0" errors="0" timestamp="2022-11-04T09:09:54" hostname="HP-PC" time="0.465">
  <properties/>
  <testcase name="exampleStatement()" classname="StatementPrinterTests" time="0.448"/>
  <testcase name="statementWithNewPlayTypes()" classname="StatementPrinterTests" time="0.015"/>
  <system-out><![CDATA[]]></system-out>
  <system-err><![CDATA[]]></system-err>
</testsuite>
